<?xml version="1.0" encoding="UTF-8"?>
<!-- Generated by org.testng.reporters.JUnitReportReporter -->
<testsuite hostname="Rajesh-PC" name="com.OrangeHRMTest.FacebookApplication_Test" tests="1" failures="0" timestamp="18 Nov 2022 18:17:29 GMT" time="8.622" errors="0">
  <testcase name="FacebookLogin_Test" time="8.622" classname="com.OrangeHRMTest.FacebookApplication_Test"/>
</testsuite> <!-- com.OrangeHRMTest.FacebookApplication_Test -->
