<?xml version="1.0" encoding="UTF-8"?>
<!-- Generated by org.testng.reporters.JUnitReportReporter -->
<testsuite hostname="Rajesh-PC" name="com.Log4jExmple.Logintest" tests="1" failures="0" timestamp="18 Nov 2022 18:16:57 GMT" time="7.805" errors="0">
  <testcase name="setup" time="7.805" classname="com.Log4jExmple.Logintest"/>
</testsuite> <!-- com.Log4jExmple.Logintest -->
